working
{ _id: 'fa7bbd3821d9a4929a3bcbeae8003699',
  _rev: '3-c182dd558ce678d9e5f07ba914a95e25',
  driver: 'csaba@gabor.com',
  type: 'trip',
  capacity: 66,
  from: 'ha',
  waitlist: 
   [ { email: 'agoyal@gmail.com',
       addr: '43554 Freeport Place, Dulles, VA 20166, USA',
       dist: 33110 } ],
  pool: 
   [ 'csaba@gabor.com',
     { email: 'agoyal@gmail.com', dist: 33110 } ],
  date: '12:00',
  to: 
   [ { lat: 38.817131,
       long: -77.16797199999999,
       addr: '6560 Braddock Road, Alexandria, VA 22312, USA' } ] }
true
working
{ _id: 'fa7bbd3821d9a4929a3bcbeae8003699',
  _rev: '4-a4d3b3110ad116e91a451bbc384fa91d',
  driver: 'csaba@gabor.com',
  type: 'trip',
  capacity: 66,
  from: 'ha',
  waitlist: 
   [ { email: 'agoyal@gmail.com',
       addr: '43554 Freeport Place, Dulles, VA 20166, USA',
       dist: 33110 },
     { email: 'agoyal@gmail.com',
       addr: '43554 Freeport Place, Dulles, VA 20166, USA',
       dist: 33110 } ],
  pool: 
   [ 'csaba@gabor.com',
     { email: 'agoyal@gmail.com', dist: 33110 } ],
  date: '12:00',
  to: 
   [ { lat: 38.817131,
       long: -77.16797199999999,
       addr: '6560 Braddock Road, Alexandria, VA 22312, USA' } ] }
true
[90mGET /raw/maketrip [32m200 [90m150ms - 1.43kb[0m
[90mGET /stylesheets/kickstart.css [36m304 [90m5ms[0m
[90mGET /stylesheets/style.css [36m304 [90m4ms[0m
[90mGET /raw/js/kickstart.js [33m404 [90m4ms[0m
[90mGET /stylesheets/registerstuff.css [36m304 [90m1ms[0m
[90mGET /stylesheets/kickstart-buttons.css [36m304 [90m1ms[0m
[90mGET /stylesheets/kickstart-menus.css [36m304 [90m6ms[0m
[90mGET /stylesheets/jquery.fancybox-1.3.4.css [36m304 [90m3ms[0m
[90mGET /stylesheets/kickstart-slideshow.css [36m304 [90m3ms[0m
[90mGET /stylesheets/kickstart-forms.css [36m304 [90m2ms[0m
[90mGET /stylesheets/prettify.css [36m304 [90m1ms[0m
[90mGET /stylesheets/kickstart-grid.css [36m304 [90m2ms[0m
[90mGET /stylesheets/tiptip.css [36m304 [90m2ms[0m
[90mGET /stylesheets/fonts/fontawesome/css/font-awesome.min.css [36m304 [90m1ms[0m
[90mGET /stylesheets/css/img/grey_jean [33m404 [90m2ms[0m
[90mGET /raw/needatrip [32m200 [90m18ms - 972b[0m
[90mGET /stylesheets/kickstart.css [36m304 [90m2ms[0m
[90mGET /stylesheets/style.css [36m304 [90m1ms[0m
[90mGET /raw/js/kickstart.js [33m404 [90m2ms[0m
[90mGET /stylesheets/restofthestuff.css [36m304 [90m2ms[0m
[90mGET /stylesheets/kickstart-buttons.css [36m304 [90m0ms[0m
[90mGET /stylesheets/kickstart-grid.css [36m304 [90m1ms[0m
[90mGET /stylesheets/jquery.fancybox-1.3.4.css [36m304 [90m1ms[0m
[90mGET /stylesheets/kickstart-slideshow.css [36m304 [90m2ms[0m
[90mGET /stylesheets/kickstart-forms.css [36m304 [90m2ms[0m
[90mGET /stylesheets/kickstart-menus.css [36m304 [90m1ms[0m
[90mGET /stylesheets/prettify.css [36m304 [90m3ms[0m
[90mGET /stylesheets/tiptip.css [36m304 [90m1ms[0m
[90mGET /stylesheets/fonts/fontawesome/css/font-awesome.min.css [36m304 [90m2ms[0m
[90mGET /stylesheets/css/img/grey_jean [33m404 [90m2ms[0m
[90mPOST /mobile/login [32m200 [90m38ms[0m
[90mPOST /confirm [32m200 [90m1ms[0m
[90mGET /raw/maketrip [32m200 [90m10ms - 1.43kb[0m
[90mGET /stylesheets/kickstart.css [36m304 [90m2ms[0m
[90mGET /stylesheets/style.css [36m304 [90m2ms[0m
[90mGET /raw/js/kickstart.js [33m404 [90m3ms[0m
[90mGET /stylesheets/registerstuff.css [36m304 [90m3ms[0m
[90mGET /stylesheets/kickstart-buttons.css [36m304 [90m0ms[0m
[90mGET /stylesheets/kickstart-menus.css [36m304 [90m2ms[0m
[90mGET /stylesheets/jquery.fancybox-1.3.4.css [36m304 [90m2ms[0m
[90mGET /stylesheets/kickstart-grid.css [36m304 [90m1ms[0m
[90mGET /stylesheets/prettify.css [36m304 [90m1ms[0m
[90mGET /stylesheets/kickstart-slideshow.css [36m304 [90m1ms[0m
[90mGET /stylesheets/tiptip.css [36m304 [90m1ms[0m
[90mGET /stylesheets/fonts/fontawesome/css/font-awesome.min.css [36m304 [90m1ms[0m
[90mGET /stylesheets/kickstart-forms.css [36m304 [90m2ms[0m
[90mGET /stylesheets/css/img/grey_jean [33m404 [90m2ms[0m
[90mGET /raw/maketrip [32m200 [90m10ms - 1.44kb[0m
[90mGET /stylesheets/style.css [36m304 [90m3ms[0m
[90mGET /stylesheets/kickstart.css [36m304 [90m2ms[0m
[90mGET /stylesheets/registerstuff.css [36m304 [90m2ms[0m
[90mGET /raw/js/kickstart.js [33m404 [90m3ms[0m
[90mGET /stylesheets/kickstart-forms.css [36m304 [90m5ms[0m
[90mGET /stylesheets/kickstart-buttons.css [36m304 [90m4ms[0m
[90mGET /stylesheets/kickstart-menus.css [36m304 [90m3ms[0m
[90mGET /stylesheets/kickstart-slideshow.css [36m304 [90m4ms[0m
[90mGET /stylesheets/kickstart-grid.css [36m304 [90m3ms[0m
[90mGET /stylesheets/jquery.fancybox-1.3.4.css [36m304 [90m3ms[0m
[90mGET /stylesheets/prettify.css [36m304 [90m1ms[0m
[90mGET /stylesheets/tiptip.css [36m304 [90m1ms[0m
[90mGET /stylesheets/fonts/fontawesome/css/font-awesome.min.css [36m304 [90m1ms[0m
[90mGET /stylesheets/css/img/grey_jean [33m404 [90m2ms[0m
[90mPOST /mobile/login [32m200 [90m35ms[0m
[90mPOST /confirm [32m200 [90m2ms[0m
[90mPOST /mobile/logout [32m200 [90m3ms[0m
[90mPOST /confirm [32m200 [90m4ms[0m
